This file contains any messages produced by compilers while
running configure, to aid debugging if configure makes a mistake.

It was created by qDecoder configure 12 RELEASE, which was
generated by GNU Autoconf 2.68.  Invocation command line was

  $ ./configure CC=armv5-linux-gcc --host=arm

## --------- ##
## Platform. ##
## --------- ##

hostname = ubuntu
uname -m = i686
uname -r = 2.6.32-38-generic
uname -s = Linux
uname -v = #83-Ubuntu SMP Wed Jan 4 11:13:04 UTC 2012

/usr/bin/uname -p = unknown
/bin/uname -X     = unknown

/bin/arch              = unknown
/usr/bin/arch -k       = unknown
/usr/convex/getsysinfo = unknown
/usr/bin/hostinfo      = unknown
/bin/machine           = unknown
/usr/bin/oslevel       = unknown
/bin/universe          = unknown

PATH: .
PATH: /usr/local/sbin
PATH: /usr/local/bin
PATH: /usr/sbin
PATH: /usr/bin
PATH: /sbin
PATH: /bin
PATH: /usr/games
PATH: /opt/STM/STLinux-2.4/devkit/armv5/bin


## ----------- ##
## Core tests. ##
## ----------- ##

configure:2070: checking for arm-gcc
configure:2097: result: armv5-linux-gcc
configure:2366: checking for C compiler version
configure:2375: armv5-linux-gcc --version >&5
armv5-linux-gcc (GCC) 4.7.2 20130102 (STMicroelectronics/Linux Base 4.7.2-120)
Copyright (C) 2012 Free Software Foundation, Inc.
This is free software; see the source for copying conditions.  There is NO
warranty; not even for MERCHANTABILITY or FITNESS FOR A PARTICULAR PURPOSE.

configure:2386: $? = 0
configure:2375: armv5-linux-gcc -v >&5
Using built-in specs.
COLLECT_GCC=armv5-linux-gcc
COLLECT_LTO_WRAPPER=/opt/STM/STLinux-2.4/devkit/armv5/libexec/gcc/arm-926ejs-linux-gnueabi/4.7.2/lto-wrapper
Target: arm-926ejs-linux-gnueabi
Configured with: ../configure --target=arm-926ejs-linux-gnueabi --prefix=/opt/STM/STLinux-2.4/devkit/armv5 --exec-prefix=/opt/STM/STLinux-2.4/devkit/armv5 --bindir=/opt/STM/STLinux-2.4/devkit/armv5/bin --sbindir=/opt/STM/STLinux-2.4/devkit/armv5/sbin --sysconfdir=/opt/STM/STLinux-2.4/devkit/armv5/etc --datadir=/opt/STM/STLinux-2.4/devkit/armv5/share --includedir=/opt/STM/STLinux-2.4/devkit/armv5/include --libdir=/opt/STM/STLinux-2.4/devkit/armv5/lib --libexecdir=/opt/STM/STLinux-2.4/devkit/armv5/libexec --localstatedir=/opt/STM/STLinux-2.4/devkit/armv5/var --sharedstatedir=/opt/STM/STLinux-2.4/devkit/armv5/share --mandir=/opt/STM/STLinux-2.4/devkit/armv5/man --infodir=/opt/STM/STLinux-2.4/devkit/armv5/info --program-prefix=armv5-linux- --with-local-prefix=/opt/STM/STLinux-2.4/devkit/armv5 --with-sysroot=/opt/STM/STLinux-2.4/devkit/armv5/target --enable-target-optspace --enable-languages=c,c++ --enable-threads=posix --disable-multilib --enable-nls --enable-c99 --enable-long-long --with-system-zlib --enable-shared --disable-libgomp --with-pkgversion=GCC --with-bugurl=https://bugzilla.stlinux.com --disable-libitm --enable-symvers=gnu --with-mpc=/opt/STM/STLinux-2.4/devkit/armv5 --with-gmp=/opt/STM/STLinux-2.4/devkit/armv5 --with-mpfr=/opt/STM/STLinux-2.4/devkit/armv5 --without-ppl --with-gxx-include-dir='${prefix}/target/usr/include/c++/4.7.2' --enable-__cxa_atexit --with-float=soft --enable-cxx-flags=-msoft-float --with-tls=gnu2 --with-cpu=arm926ej-s
Thread model: posix
gcc version 4.7.2 20130102 (STMicroelectronics/Linux Base 4.7.2-120) (GCC) 
configure:2386: $? = 0
configure:2375: armv5-linux-gcc -V >&5
armv5-linux-gcc: error: unrecognized command line option '-V'
armv5-linux-gcc: fatal error: no input files
compilation terminated.
configure:2386: $? = 1
configure:2375: armv5-linux-gcc -qversion >&5
armv5-linux-gcc: error: unrecognized command line option '-qversion'
armv5-linux-gcc: fatal error: no input files
compilation terminated.
configure:2386: $? = 1
configure:2406: checking whether the C compiler works
configure:2428: armv5-linux-gcc   -I/usr/include -I/usr/local/include -I./ -D_GNU_SOURCE  -L/usr/lib -L/usr/local/lib conftest.c  >&5
/opt/STM/STLinux-2.4/devkit/armv5/lib/gcc/arm-926ejs-linux-gnueabi/4.7.2/../../../../arm-926ejs-linux-gnueabi/bin/ld: skipping incompatible /usr/lib/libc.so when searching for -lc
/opt/STM/STLinux-2.4/devkit/armv5/lib/gcc/arm-926ejs-linux-gnueabi/4.7.2/../../../../arm-926ejs-linux-gnueabi/bin/ld: skipping incompatible /usr/lib/libc.a when searching for -lc
/opt/STM/STLinux-2.4/devkit/armv5/lib/gcc/arm-926ejs-linux-gnueabi/4.7.2/../../../../arm-926ejs-linux-gnueabi/bin/ld: skipping incompatible /usr/lib/libc_nonshared.a when searching for libc_nonshared.a
configure:2432: $? = 0
configure:2480: result: yes
configure:2483: checking for C compiler default output file name
configure:2485: result: a.out
configure:2491: checking for suffix of executables
configure:2498: armv5-linux-gcc -o conftest   -I/usr/include -I/usr/local/include -I./ -D_GNU_SOURCE  -L/usr/lib -L/usr/local/lib conftest.c  >&5
/opt/STM/STLinux-2.4/devkit/armv5/lib/gcc/arm-926ejs-linux-gnueabi/4.7.2/../../../../arm-926ejs-linux-gnueabi/bin/ld: skipping incompatible /usr/lib/libc.so when searching for -lc
/opt/STM/STLinux-2.4/devkit/armv5/lib/gcc/arm-926ejs-linux-gnueabi/4.7.2/../../../../arm-926ejs-linux-gnueabi/bin/ld: skipping incompatible /usr/lib/libc.a when searching for -lc
/opt/STM/STLinux-2.4/devkit/armv5/lib/gcc/arm-926ejs-linux-gnueabi/4.7.2/../../../../arm-926ejs-linux-gnueabi/bin/ld: skipping incompatible /usr/lib/libc_nonshared.a when searching for libc_nonshared.a
configure:2502: $? = 0
configure:2524: result: 
configure:2546: checking whether we are cross compiling
configure:2554: armv5-linux-gcc -o conftest   -I/usr/include -I/usr/local/include -I./ -D_GNU_SOURCE  -L/usr/lib -L/usr/local/lib conftest.c  >&5
/opt/STM/STLinux-2.4/devkit/armv5/lib/gcc/arm-926ejs-linux-gnueabi/4.7.2/../../../../arm-926ejs-linux-gnueabi/bin/ld: skipping incompatible /usr/lib/libc.so when searching for -lc
/opt/STM/STLinux-2.4/devkit/armv5/lib/gcc/arm-926ejs-linux-gnueabi/4.7.2/../../../../arm-926ejs-linux-gnueabi/bin/ld: skipping incompatible /usr/lib/libc.a when searching for -lc
/opt/STM/STLinux-2.4/devkit/armv5/lib/gcc/arm-926ejs-linux-gnueabi/4.7.2/../../../../arm-926ejs-linux-gnueabi/bin/ld: skipping incompatible /usr/lib/libc_nonshared.a when searching for libc_nonshared.a
configure:2558: $? = 0
configure:2565: ./conftest
./configure: line 2567: ./conftest: cannot execute binary file
configure:2569: $? = 126
configure:2584: result: yes
configure:2589: checking for suffix of object files
configure:2611: armv5-linux-gcc -c   -I/usr/include -I/usr/local/include -I./ -D_GNU_SOURCE conftest.c >&5
configure:2615: $? = 0
configure:2636: result: o
configure:2640: checking whether we are using the GNU C compiler
configure:2659: armv5-linux-gcc -c   -I/usr/include -I/usr/local/include -I./ -D_GNU_SOURCE conftest.c >&5
configure:2659: $? = 0
configure:2668: result: yes
configure:2677: checking whether armv5-linux-gcc accepts -g
configure:2697: armv5-linux-gcc -c -g  -I/usr/include -I/usr/local/include -I./ -D_GNU_SOURCE conftest.c >&5
configure:2697: $? = 0
configure:2738: result: yes
configure:2755: checking for armv5-linux-gcc option to accept ISO C89
configure:2819: armv5-linux-gcc  -c -g -O2  -I/usr/include -I/usr/local/include -I./ -D_GNU_SOURCE conftest.c >&5
configure:2819: $? = 0
configure:2832: result: none needed
configure:2857: checking for armv5-linux-gcc option to accept ISO C99
configure:3006: armv5-linux-gcc  -c -Wall -fPIC  -I/usr/include -I/usr/local/include -I./ -D_GNU_SOURCE conftest.c >&5
conftest.c:59:29: error: expected ';', ',' or ')' before 'text'
conftest.c: In function 'test_varargs':
conftest.c:80:9: warning: variable 'fnumber' set but not used [-Wunused-but-set-variable]
conftest.c:79:7: warning: variable 'number' set but not used [-Wunused-but-set-variable]
conftest.c:78:15: warning: variable 'str' set but not used [-Wunused-but-set-variable]
conftest.c: In function 'main':
conftest.c:111:3: warning: implicit declaration of function 'test_restrict' [-Wimplicit-function-declaration]
conftest.c:113:18: error: expected '=', ',', ';', 'asm' or '__attribute__' before 'newvar'
conftest.c:113:18: error: 'newvar' undeclared (first use in this function)
conftest.c:113:18: note: each undeclared identifier is reported only once for each function it appears in
conftest.c:123:3: error: 'for' loop initial declarations are only allowed in C99 mode
conftest.c:123:3: note: use option -std=c99 or -std=gnu99 to compile your code
configure:3006: $? = 1
configure: failed program was:
| /* confdefs.h */
| #define PACKAGE_NAME "qDecoder"
| #define PACKAGE_TARNAME "qdecoder"
| #define PACKAGE_VERSION "12 RELEASE"
| #define PACKAGE_STRING "qDecoder 12 RELEASE"
| #define PACKAGE_BUGREPORT "http://www.qdecoder.org/"
| #define PACKAGE_URL ""
| /* end confdefs.h.  */
| #include <stdarg.h>
| #include <stdbool.h>
| #include <stdlib.h>
| #include <wchar.h>
| #include <stdio.h>
| 
| // Check varargs macros.  These examples are taken from C99 6.10.3.5.
| #define debug(...) fprintf (stderr, __VA_ARGS__)
| #define showlist(...) puts (#__VA_ARGS__)
| #define report(test,...) ((test) ? puts (#test) : printf (__VA_ARGS__))
| static void
| test_varargs_macros (void)
| {
|   int x = 1234;
|   int y = 5678;
|   debug ("Flag");
|   debug ("X = %d\n", x);
|   showlist (The first, second, and third items.);
|   report (x>y, "x is %d but y is %d", x, y);
| }
| 
| // Check long long types.
| #define BIG64 18446744073709551615ull
| #define BIG32 4294967295ul
| #define BIG_OK (BIG64 / BIG32 == 4294967297ull && BIG64 % BIG32 == 0)
| #if !BIG_OK
|   your preprocessor is broken;
| #endif
| #if BIG_OK
| #else
|   your preprocessor is broken;
| #endif
| static long long int bignum = -9223372036854775807LL;
| static unsigned long long int ubignum = BIG64;
| 
| struct incomplete_array
| {
|   int datasize;
|   double data[];
| };
| 
| struct named_init {
|   int number;
|   const wchar_t *name;
|   double average;
| };
| 
| typedef const char *ccp;
| 
| static inline int
| test_restrict (ccp restrict text)
| {
|   // See if C++-style comments work.
|   // Iterate through items via the restricted pointer.
|   // Also check for declarations in for loops.
|   for (unsigned int i = 0; *(text+i) != '\0'; ++i)
|     continue;
|   return 0;
| }
| 
| // Check varargs and va_copy.
| static void
| test_varargs (const char *format, ...)
| {
|   va_list args;
|   va_start (args, format);
|   va_list args_copy;
|   va_copy (args_copy, args);
| 
|   const char *str;
|   int number;
|   float fnumber;
| 
|   while (*format)
|     {
|       switch (*format++)
| 	{
| 	case 's': // string
| 	  str = va_arg (args_copy, const char *);
| 	  break;
| 	case 'd': // int
| 	  number = va_arg (args_copy, int);
| 	  break;
| 	case 'f': // float
| 	  fnumber = va_arg (args_copy, double);
| 	  break;
| 	default:
| 	  break;
| 	}
|     }
|   va_end (args_copy);
|   va_end (args);
| }
| 
| int
| main ()
| {
| 
|   // Check bool.
|   _Bool success = false;
| 
|   // Check restrict.
|   if (test_restrict ("String literal") == 0)
|     success = true;
|   char *restrict newvar = "Another string";
| 
|   // Check varargs.
|   test_varargs ("s, d' f .", "string", 65, 34.234);
|   test_varargs_macros ();
| 
|   // Check flexible array members.
|   struct incomplete_array *ia =
|     malloc (sizeof (struct incomplete_array) + (sizeof (double) * 10));
|   ia->datasize = 10;
|   for (int i = 0; i < ia->datasize; ++i)
|     ia->data[i] = i * 1.234;
| 
|   // Check named initializers.
|   struct named_init ni = {
|     .number = 34,
|     .name = L"Test wide string",
|     .average = 543.34343,
|   };
| 
|   ni.number = 58;
| 
|   int dynamic_array[ni.number];
|   dynamic_array[ni.number - 1] = 543;
| 
|   // work around unused variable warnings
|   return (!success || bignum == 0LL || ubignum == 0uLL || newvar[0] == 'x'
| 	  || dynamic_array[ni.number - 1] != 543);
| 
|   ;
|   return 0;
| }
configure:3006: armv5-linux-gcc -std=gnu99 -c -Wall -fPIC  -I/usr/include -I/usr/local/include -I./ -D_GNU_SOURCE conftest.c >&5
conftest.c: In function 'test_varargs':
conftest.c:80:9: warning: variable 'fnumber' set but not used [-Wunused-but-set-variable]
conftest.c:79:7: warning: variable 'number' set but not used [-Wunused-but-set-variable]
conftest.c:78:15: warning: variable 'str' set but not used [-Wunused-but-set-variable]
configure:3006: $? = 0
configure:3026: result: -std=gnu99
configure:3084: checking for a BSD-compatible install
configure:3152: result: /usr/bin/install -c
configure:3163: checking whether ln -s works
configure:3167: result: yes
configure:3174: checking whether make sets $(MAKE)
configure:3196: result: yes
configure:3208: checking for arm-ranlib
configure:3238: result: no
configure:3248: checking for ranlib
configure:3264: found /usr/bin/ranlib
configure:3275: result: ranlib
configure:3287: WARNING: using cross tools not prefixed with host triplet
configure:3300: checking for ar
configure:3318: found /usr/bin/ar
configure:3330: result: /usr/bin/ar
configure:3340: checking for chmod
configure:3358: found /bin/chmod
configure:3370: result: /bin/chmod
configure:3380: checking for ld
configure:3398: found /usr/bin/ld
configure:3410: result: /usr/bin/ld
configure:3420: checking for rm
configure:3438: found /bin/rm
configure:3450: result: /bin/rm
configure:3466: checking how to run the C preprocessor
configure:3497: armv5-linux-gcc -std=gnu99 -E  -I/usr/include -I/usr/local/include -I./ -D_GNU_SOURCE conftest.c
configure:3497: $? = 0
configure:3511: armv5-linux-gcc -std=gnu99 -E  -I/usr/include -I/usr/local/include -I./ -D_GNU_SOURCE conftest.c
conftest.c:9:28: fatal error: ac_nonexistent.h: No such file or directory
compilation terminated.
configure:3511: $? = 1
configure: failed program was:
| /* confdefs.h */
| #define PACKAGE_NAME "qDecoder"
| #define PACKAGE_TARNAME "qdecoder"
| #define PACKAGE_VERSION "12 RELEASE"
| #define PACKAGE_STRING "qDecoder 12 RELEASE"
| #define PACKAGE_BUGREPORT "http://www.qdecoder.org/"
| #define PACKAGE_URL ""
| /* end confdefs.h.  */
| #include <ac_nonexistent.h>
configure:3536: result: armv5-linux-gcc -std=gnu99 -E
configure:3556: armv5-linux-gcc -std=gnu99 -E  -I/usr/include -I/usr/local/include -I./ -D_GNU_SOURCE conftest.c
configure:3556: $? = 0
configure:3570: armv5-linux-gcc -std=gnu99 -E  -I/usr/include -I/usr/local/include -I./ -D_GNU_SOURCE conftest.c
conftest.c:9:28: fatal error: ac_nonexistent.h: No such file or directory
compilation terminated.
configure:3570: $? = 1
configure: failed program was:
| /* confdefs.h */
| #define PACKAGE_NAME "qDecoder"
| #define PACKAGE_TARNAME "qdecoder"
| #define PACKAGE_VERSION "12 RELEASE"
| #define PACKAGE_STRING "qDecoder 12 RELEASE"
| #define PACKAGE_BUGREPORT "http://www.qdecoder.org/"
| #define PACKAGE_URL ""
| /* end confdefs.h.  */
| #include <ac_nonexistent.h>
configure:3599: checking for grep that handles long lines and -e
configure:3657: result: /bin/grep
configure:3662: checking for egrep
configure:3724: result: /bin/grep -E
configure:3729: checking for ANSI C header files
configure:3749: armv5-linux-gcc -std=gnu99 -c -Wall -fPIC  -I/usr/include -I/usr/local/include -I./ -D_GNU_SOURCE conftest.c >&5
configure:3749: $? = 0
configure:3833: result: yes
configure:3846: checking for sys/types.h
configure:3846: armv5-linux-gcc -std=gnu99 -c -Wall -fPIC  -I/usr/include -I/usr/local/include -I./ -D_GNU_SOURCE conftest.c >&5
configure:3846: $? = 0
configure:3846: result: yes
configure:3846: checking for sys/stat.h
configure:3846: armv5-linux-gcc -std=gnu99 -c -Wall -fPIC  -I/usr/include -I/usr/local/include -I./ -D_GNU_SOURCE conftest.c >&5
configure:3846: $? = 0
configure:3846: result: yes
configure:3846: checking for stdlib.h
configure:3846: armv5-linux-gcc -std=gnu99 -c -Wall -fPIC  -I/usr/include -I/usr/local/include -I./ -D_GNU_SOURCE conftest.c >&5
configure:3846: $? = 0
configure:3846: result: yes
configure:3846: checking for string.h
configure:3846: armv5-linux-gcc -std=gnu99 -c -Wall -fPIC  -I/usr/include -I/usr/local/include -I./ -D_GNU_SOURCE conftest.c >&5
configure:3846: $? = 0
configure:3846: result: yes
configure:3846: checking for memory.h
configure:3846: armv5-linux-gcc -std=gnu99 -c -Wall -fPIC  -I/usr/include -I/usr/local/include -I./ -D_GNU_SOURCE conftest.c >&5
configure:3846: $? = 0
configure:3846: result: yes
configure:3846: checking for strings.h
configure:3846: armv5-linux-gcc -std=gnu99 -c -Wall -fPIC  -I/usr/include -I/usr/local/include -I./ -D_GNU_SOURCE conftest.c >&5
configure:3846: $? = 0
configure:3846: result: yes
configure:3846: checking for inttypes.h
configure:3846: armv5-linux-gcc -std=gnu99 -c -Wall -fPIC  -I/usr/include -I/usr/local/include -I./ -D_GNU_SOURCE conftest.c >&5
configure:3846: $? = 0
configure:3846: result: yes
configure:3846: checking for stdint.h
configure:3846: armv5-linux-gcc -std=gnu99 -c -Wall -fPIC  -I/usr/include -I/usr/local/include -I./ -D_GNU_SOURCE conftest.c >&5
configure:3846: $? = 0
configure:3846: result: yes
configure:3846: checking for unistd.h
configure:3846: armv5-linux-gcc -std=gnu99 -c -Wall -fPIC  -I/usr/include -I/usr/local/include -I./ -D_GNU_SOURCE conftest.c >&5
configure:3846: $? = 0
configure:3846: result: yes
configure:3858: checking for stdbool.h that conforms to C99
configure:3925: armv5-linux-gcc -std=gnu99 -c -Wall -fPIC  -I/usr/include -I/usr/local/include -I./ -D_GNU_SOURCE conftest.c >&5
conftest.c: In function 'main':
conftest.c:68:2: warning: the address of 's' will always evaluate as 'true' [-Waddress]
conftest.c:72:10: warning: the address of 'a' will always evaluate as 'true' [-Waddress]
conftest.c:72:15: warning: the address of 'b' will always evaluate as 'true' [-Waddress]
conftest.c:72:20: warning: the address of 'c' will always evaluate as 'true' [-Waddress]
conftest.c:72:25: warning: the address of 'd' will always evaluate as 'true' [-Waddress]
conftest.c:72:35: warning: the address of 'f' will always evaluate as 'true' [-Waddress]
conftest.c:72:40: warning: the address of 'g' will always evaluate as 'true' [-Waddress]
conftest.c:72:45: warning: the address of 'h' will always evaluate as 'true' [-Waddress]
conftest.c:72:50: warning: the address of 'i' will always evaluate as 'true' [-Waddress]
conftest.c:73:10: warning: the address of 'n' will always evaluate as 'true' [-Waddress]
conftest.c:73:15: warning: the address of 'o' will always evaluate as 'true' [-Waddress]
conftest.c:73:20: warning: the address of 'p' will always evaluate as 'true' [-Waddress]
configure:3925: $? = 0
configure:3932: result: yes
configure:3934: checking for _Bool
configure:3934: armv5-linux-gcc -std=gnu99 -c -Wall -fPIC  -I/usr/include -I/usr/local/include -I./ -D_GNU_SOURCE conftest.c >&5
configure:3934: $? = 0
configure:3934: armv5-linux-gcc -std=gnu99 -c -Wall -fPIC  -I/usr/include -I/usr/local/include -I./ -D_GNU_SOURCE conftest.c >&5
conftest.c: In function 'main':
conftest.c:55:20: error: expected expression before ')' token
configure:3934: $? = 1
configure: failed program was:
| /* confdefs.h */
| #define PACKAGE_NAME "qDecoder"
| #define PACKAGE_TARNAME "qdecoder"
| #define PACKAGE_VERSION "12 RELEASE"
| #define PACKAGE_STRING "qDecoder 12 RELEASE"
| #define PACKAGE_BUGREPORT "http://www.qdecoder.org/"
| #define PACKAGE_URL ""
| #define STDC_HEADERS 1
| #define HAVE_SYS_TYPES_H 1
| #define HAVE_SYS_STAT_H 1
| #define HAVE_STDLIB_H 1
| #define HAVE_STRING_H 1
| #define HAVE_MEMORY_H 1
| #define HAVE_STRINGS_H 1
| #define HAVE_INTTYPES_H 1
| #define HAVE_STDINT_H 1
| #define HAVE_UNISTD_H 1
| /* end confdefs.h.  */
| #include <stdio.h>
| #ifdef HAVE_SYS_TYPES_H
| # include <sys/types.h>
| #endif
| #ifdef HAVE_SYS_STAT_H
| # include <sys/stat.h>
| #endif
| #ifdef STDC_HEADERS
| # include <stdlib.h>
| # include <stddef.h>
| #else
| # ifdef HAVE_STDLIB_H
| #  include <stdlib.h>
| # endif
| #endif
| #ifdef HAVE_STRING_H
| # if !defined STDC_HEADERS && defined HAVE_MEMORY_H
| #  include <memory.h>
| # endif
| # include <string.h>
| #endif
| #ifdef HAVE_STRINGS_H
| # include <strings.h>
| #endif
| #ifdef HAVE_INTTYPES_H
| # include <inttypes.h>
| #endif
| #ifdef HAVE_STDINT_H
| # include <stdint.h>
| #endif
| #ifdef HAVE_UNISTD_H
| # include <unistd.h>
| #endif
| int
| main ()
| {
| if (sizeof ((_Bool)))
| 	    return 0;
|   ;
|   return 0;
| }
configure:3934: result: yes
configure:3953: checking for dirent.h that defines DIR
configure:3972: armv5-linux-gcc -std=gnu99 -c -Wall -fPIC  -I/usr/include -I/usr/local/include -I./ -D_GNU_SOURCE conftest.c >&5
configure:3972: $? = 0
configure:3980: result: yes
configure:3993: checking for library containing opendir
configure:4024: armv5-linux-gcc -std=gnu99 -o conftest -Wall -fPIC  -I/usr/include -I/usr/local/include -I./ -D_GNU_SOURCE  -L/usr/lib -L/usr/local/lib conftest.c  >&5
/opt/STM/STLinux-2.4/devkit/armv5/lib/gcc/arm-926ejs-linux-gnueabi/4.7.2/../../../../arm-926ejs-linux-gnueabi/bin/ld: skipping incompatible /usr/lib/libc.so when searching for -lc
/opt/STM/STLinux-2.4/devkit/armv5/lib/gcc/arm-926ejs-linux-gnueabi/4.7.2/../../../../arm-926ejs-linux-gnueabi/bin/ld: skipping incompatible /usr/lib/libc.a when searching for -lc
/opt/STM/STLinux-2.4/devkit/armv5/lib/gcc/arm-926ejs-linux-gnueabi/4.7.2/../../../../arm-926ejs-linux-gnueabi/bin/ld: skipping incompatible /usr/lib/libc_nonshared.a when searching for libc_nonshared.a
configure:4024: $? = 0
configure:4041: result: none required
configure:4111: checking for size_t
configure:4111: armv5-linux-gcc -std=gnu99 -c -Wall -fPIC  -I/usr/include -I/usr/local/include -I./ -D_GNU_SOURCE conftest.c >&5
configure:4111: $? = 0
configure:4111: armv5-linux-gcc -std=gnu99 -c -Wall -fPIC  -I/usr/include -I/usr/local/include -I./ -D_GNU_SOURCE conftest.c >&5
conftest.c: In function 'main':
conftest.c:58:21: error: expected expression before ')' token
configure:4111: $? = 1
configure: failed program was:
| /* confdefs.h */
| #define PACKAGE_NAME "qDecoder"
| #define PACKAGE_TARNAME "qdecoder"
| #define PACKAGE_VERSION "12 RELEASE"
| #define PACKAGE_STRING "qDecoder 12 RELEASE"
| #define PACKAGE_BUGREPORT "http://www.qdecoder.org/"
| #define PACKAGE_URL ""
| #define STDC_HEADERS 1
| #define HAVE_SYS_TYPES_H 1
| #define HAVE_SYS_STAT_H 1
| #define HAVE_STDLIB_H 1
| #define HAVE_STRING_H 1
| #define HAVE_MEMORY_H 1
| #define HAVE_STRINGS_H 1
| #define HAVE_INTTYPES_H 1
| #define HAVE_STDINT_H 1
| #define HAVE_UNISTD_H 1
| #define HAVE__BOOL 1
| #define HAVE_STDBOOL_H 1
| #define HAVE_DIRENT_H 1
| /* end confdefs.h.  */
| #include <stdio.h>
| #ifdef HAVE_SYS_TYPES_H
| # include <sys/types.h>
| #endif
| #ifdef HAVE_SYS_STAT_H
| # include <sys/stat.h>
| #endif
| #ifdef STDC_HEADERS
| # include <stdlib.h>
| # include <stddef.h>
| #else
| # ifdef HAVE_STDLIB_H
| #  include <stdlib.h>
| # endif
| #endif
| #ifdef HAVE_STRING_H
| # if !defined STDC_HEADERS && defined HAVE_MEMORY_H
| #  include <memory.h>
| # endif
| # include <string.h>
| #endif
| #ifdef HAVE_STRINGS_H
| # include <strings.h>
| #endif
| #ifdef HAVE_INTTYPES_H
| # include <inttypes.h>
| #endif
| #ifdef HAVE_STDINT_H
| # include <stdint.h>
| #endif
| #ifdef HAVE_UNISTD_H
| # include <unistd.h>
| #endif
| int
| main ()
| {
| if (sizeof ((size_t)))
| 	    return 0;
|   ;
|   return 0;
| }
configure:4111: result: yes
configure:4122: checking for off_t
configure:4122: armv5-linux-gcc -std=gnu99 -c -Wall -fPIC  -I/usr/include -I/usr/local/include -I./ -D_GNU_SOURCE conftest.c >&5
configure:4122: $? = 0
configure:4122: armv5-linux-gcc -std=gnu99 -c -Wall -fPIC  -I/usr/include -I/usr/local/include -I./ -D_GNU_SOURCE conftest.c >&5
conftest.c: In function 'main':
conftest.c:58:20: error: expected expression before ')' token
configure:4122: $? = 1
configure: failed program was:
| /* confdefs.h */
| #define PACKAGE_NAME "qDecoder"
| #define PACKAGE_TARNAME "qdecoder"
| #define PACKAGE_VERSION "12 RELEASE"
| #define PACKAGE_STRING "qDecoder 12 RELEASE"
| #define PACKAGE_BUGREPORT "http://www.qdecoder.org/"
| #define PACKAGE_URL ""
| #define STDC_HEADERS 1
| #define HAVE_SYS_TYPES_H 1
| #define HAVE_SYS_STAT_H 1
| #define HAVE_STDLIB_H 1
| #define HAVE_STRING_H 1
| #define HAVE_MEMORY_H 1
| #define HAVE_STRINGS_H 1
| #define HAVE_INTTYPES_H 1
| #define HAVE_STDINT_H 1
| #define HAVE_UNISTD_H 1
| #define HAVE__BOOL 1
| #define HAVE_STDBOOL_H 1
| #define HAVE_DIRENT_H 1
| /* end confdefs.h.  */
| #include <stdio.h>
| #ifdef HAVE_SYS_TYPES_H
| # include <sys/types.h>
| #endif
| #ifdef HAVE_SYS_STAT_H
| # include <sys/stat.h>
| #endif
| #ifdef STDC_HEADERS
| # include <stdlib.h>
| # include <stddef.h>
| #else
| # ifdef HAVE_STDLIB_H
| #  include <stdlib.h>
| # endif
| #endif
| #ifdef HAVE_STRING_H
| # if !defined STDC_HEADERS && defined HAVE_MEMORY_H
| #  include <memory.h>
| # endif
| # include <string.h>
| #endif
| #ifdef HAVE_STRINGS_H
| # include <strings.h>
| #endif
| #ifdef HAVE_INTTYPES_H
| # include <inttypes.h>
| #endif
| #ifdef HAVE_STDINT_H
| # include <stdint.h>
| #endif
| #ifdef HAVE_UNISTD_H
| # include <unistd.h>
| #endif
| int
| main ()
| {
| if (sizeof ((off_t)))
| 	    return 0;
|   ;
|   return 0;
| }
configure:4122: result: yes
configure:4202: CFLAGS -Wall -fPIC -g
configure:4204: CPPFLAGS  -I/usr/include -I/usr/local/include -I./ -D_GNU_SOURCE
configure:4323: creating ./config.status

## ---------------------- ##
## Running config.status. ##
## ---------------------- ##

This file was extended by qDecoder config.status 12 RELEASE, which was
generated by GNU Autoconf 2.68.  Invocation command line was

  CONFIG_FILES    = 
  CONFIG_HEADERS  = 
  CONFIG_LINKS    = 
  CONFIG_COMMANDS = 
  $ ./config.status 

on ubuntu

config.status:825: creating Makefile
config.status:825: creating src/Makefile
config.status:825: creating examples/Makefile
config.status:825: creating config.h

## ---------------- ##
## Cache variables. ##
## ---------------- ##

ac_cv_c_compiler_gnu=yes
ac_cv_env_CC_set=set
ac_cv_env_CC_value=armv5-linux-gcc
ac_cv_env_CFLAGS_set=
ac_cv_env_CFLAGS_value=
ac_cv_env_CPPFLAGS_set=
ac_cv_env_CPPFLAGS_value=
ac_cv_env_CPP_set=
ac_cv_env_CPP_value=
ac_cv_env_LDFLAGS_set=
ac_cv_env_LDFLAGS_value=
ac_cv_env_LIBS_set=
ac_cv_env_LIBS_value=
ac_cv_env_build_alias_set=
ac_cv_env_build_alias_value=
ac_cv_env_host_alias_set=set
ac_cv_env_host_alias_value=arm
ac_cv_env_target_alias_set=
ac_cv_env_target_alias_value=
ac_cv_header_dirent_dirent_h=yes
ac_cv_header_inttypes_h=yes
ac_cv_header_memory_h=yes
ac_cv_header_stdbool_h=yes
ac_cv_header_stdc=yes
ac_cv_header_stdint_h=yes
ac_cv_header_stdlib_h=yes
ac_cv_header_string_h=yes
ac_cv_header_strings_h=yes
ac_cv_header_sys_stat_h=yes
ac_cv_header_sys_types_h=yes
ac_cv_header_unistd_h=yes
ac_cv_objext=o
ac_cv_path_AR=/usr/bin/ar
ac_cv_path_CHMOD=/bin/chmod
ac_cv_path_EGREP='/bin/grep -E'
ac_cv_path_GREP=/bin/grep
ac_cv_path_LD=/usr/bin/ld
ac_cv_path_RM=/bin/rm
ac_cv_path_install='/usr/bin/install -c'
ac_cv_prog_CC=armv5-linux-gcc
ac_cv_prog_CPP='armv5-linux-gcc -std=gnu99 -E'
ac_cv_prog_ac_ct_RANLIB=ranlib
ac_cv_prog_cc_c89=
ac_cv_prog_cc_c99=-std=gnu99
ac_cv_prog_cc_g=yes
ac_cv_prog_make_make_set=yes
ac_cv_search_opendir='none required'
ac_cv_type__Bool=yes
ac_cv_type_off_t=yes
ac_cv_type_size_t=yes

## ----------------- ##
## Output variables. ##
## ----------------- ##

AR='/usr/bin/ar'
CC='armv5-linux-gcc -std=gnu99'
CFLAGS='-Wall -fPIC -g'
CHMOD='/bin/chmod'
CPP='armv5-linux-gcc -std=gnu99 -E'
CPPFLAGS=' -I/usr/include -I/usr/local/include -I./ -D_GNU_SOURCE'
DEFS='-DHAVE_CONFIG_H'
ECHO_C=''
ECHO_N='-n'
ECHO_T=''
EGREP='/bin/grep -E'
EXEEXT=''
GREP='/bin/grep'
INSTALL_DATA='${INSTALL} -m 644'
INSTALL_PROGRAM='${INSTALL}'
INSTALL_SCRIPT='${INSTALL}'
LD='/usr/bin/ld'
LDFLAGS=' -L/usr/lib -L/usr/local/lib'
LIBOBJS=''
LIBS=''
LN_S='ln -s'
LTLIBOBJS=''
OBJEXT='o'
PACKAGE_BUGREPORT='http://www.qdecoder.org/'
PACKAGE_NAME='qDecoder'
PACKAGE_STRING='qDecoder 12 RELEASE'
PACKAGE_TARNAME='qdecoder'
PACKAGE_URL=''
PACKAGE_VERSION='12 RELEASE'
PATH_SEPARATOR=':'
RANLIB='ranlib'
RM='/bin/rm'
SET_MAKE=''
SHELL='/bin/bash'
ac_ct_CC=''
bindir='${exec_prefix}/bin'
build_alias=''
datadir='${datarootdir}'
datarootdir='${prefix}/share'
docdir='${datarootdir}/doc/${PACKAGE_TARNAME}'
dvidir='${docdir}'
exec_prefix='${prefix}'
host_alias='arm'
htmldir='${docdir}'
includedir='${prefix}/include'
infodir='${datarootdir}/info'
libdir='${exec_prefix}/lib'
libexecdir='${exec_prefix}/libexec'
localedir='${datarootdir}/locale'
localstatedir='${prefix}/var'
mandir='${datarootdir}/man'
oldincludedir='/usr/include'
pdfdir='${docdir}'
prefix='/usr/local'
program_transform_name='s,x,x,'
psdir='${docdir}'
sbindir='${exec_prefix}/sbin'
sharedstatedir='${prefix}/com'
sysconfdir='${prefix}/etc'
target_alias=''

## ----------- ##
## confdefs.h. ##
## ----------- ##

/* confdefs.h */
#define PACKAGE_NAME "qDecoder"
#define PACKAGE_TARNAME "qdecoder"
#define PACKAGE_VERSION "12 RELEASE"
#define PACKAGE_STRING "qDecoder 12 RELEASE"
#define PACKAGE_BUGREPORT "http://www.qdecoder.org/"
#define PACKAGE_URL ""
#define STDC_HEADERS 1
#define HAVE_SYS_TYPES_H 1
#define HAVE_SYS_STAT_H 1
#define HAVE_STDLIB_H 1
#define HAVE_STRING_H 1
#define HAVE_MEMORY_H 1
#define HAVE_STRINGS_H 1
#define HAVE_INTTYPES_H 1
#define HAVE_STDINT_H 1
#define HAVE_UNISTD_H 1
#define HAVE__BOOL 1
#define HAVE_STDBOOL_H 1
#define HAVE_DIRENT_H 1

configure: exit 0
